<?xml version="1.0" encoding="UTF-8"?><testsuite errors="0" failures="2" name="Registro en la Pagina de CODEBUSTER" skipped="0" tests="11" time="174.64" timestamp="2024-03-25 05:28:17"><testcase name="El usuario se registra exitosamente en la Pagina de CODEBUSTER"><failure message="&#10;Expecting Button Usuario that is displayed&#10;But got: web element is not displayed" type="java.lang.AssertionError">
Expecting Button Usuario that is displayed
But got: web element is not displayed</failure><system-err>
Expecting Button Usuario that is displayed
But got: web element is not displayed&#13;
com.codebuster.www.stepDefinitions.InicioYCierreDeSesionStepDefinitions.elUsuarioValidaElInicioDeSesionExitoso(InicioYCierreDeSesionStepDefinitions.java:29)&#13;
✽.el usuario valida el inicio de sesion exitoso(file:///E:/Cursos/DigitalHouse/EspecializacionBackend/IV%20Bimestre/ProyectoFinal/codeBuster/src/test/resources/features/registroExitoso.feature:9)&#13;
</system-err></testcase></testsuite>